# Logfile created on 2015-04-08 23:52:04 +0200 by logger.rb/44203
D, [2015-04-08T23:52:04.196058 #66258] DEBUG -- pubnub: Symbolizing options keys
D, [2015-04-08T23:52:04.196218 #66258] DEBUG -- pubnub: Setting default values
D, [2015-04-08T23:52:04.196295 #66258] DEBUG -- pubnub: 

Created new Pubnub::Client instance
D, [2015-04-08T23:52:09.067180 #66258] DEBUG -- pubnub: Event#initialize | Initialized Pubnub::Subscribe
D, [2015-04-08T23:52:09.067306 #66258] DEBUG -- pubnub: Created event Pubnub::Subscribe
D, [2015-04-08T23:52:09.067369 #66258] DEBUG -- pubnub: Pubnub::Client#update_timetoken | Current timetoken is eq 0
D, [2015-04-08T23:52:09.067419 #66258] DEBUG -- pubnub: SubscribeEvent#fire
D, [2015-04-08T23:52:09.067463 #66258] DEBUG -- pubnub: SubscribeEvent#fire async
D, [2015-04-08T23:52:09.067529 #66258] DEBUG -- pubnub: Channel: ["pubnub_chat"]
D, [2015-04-08T23:52:09.067717 #66258] DEBUG -- pubnub: Pubnub::Client#start_event_machine | starting EM in new thread
D, [2015-04-08T23:52:09.067769 #66258] DEBUG -- pubnub: Pubnub::Client#start_event_machine | We're running on thin
D, [2015-04-08T23:52:09.067819 #66258] DEBUG -- pubnub: Pubnub::Client#start_event_machine | EM already running
D, [2015-04-08T23:52:09.645589 #66258] DEBUG -- pubnub: Async subscription running
D, [2015-04-08T23:52:09.645660 #66258] DEBUG -- pubnub: origin: pubsub.pubnub.com
D, [2015-04-08T23:52:09.645697 #66258] DEBUG -- pubnub: timetoken: 0
D, [2015-04-08T23:52:09.676474 #66258] DEBUG -- pubnub: Event#start_event | sending request
D, [2015-04-08T23:52:09.676602 #66258] DEBUG -- pubnub: Event#start_event | tt: 0; ctt 0
D, [2015-04-08T23:52:09.677151 #66258] DEBUG -- pubnub: Pubnub::Subscribe#uri http://pubsub.pubnub.com/subscribe/demo/pubnub_chat/0/0?pnsdk=PubNub-Ruby/3.7.1&uuid=e0e137d4-4500-4944-aa29-eddddf2f2dac
D, [2015-04-08T23:52:09.924954 #66258] DEBUG -- pubnub: Event#handle_response
D, [2015-04-08T23:52:09.926246 #66258] DEBUG -- pubnub: Subscribe#format_envelopes
D, [2015-04-08T23:52:09.926410 #66258] DEBUG -- pubnub: Subscribe#format_envelopes | Response parsed
D, [2015-04-08T23:52:09.926664 #66258] DEBUG -- pubnub: Subscribe#format_envelopes | Timetoken
D, [2015-04-08T23:52:09.927154 #66258] DEBUG -- pubnub: Subscribe#format_envelopes | envelopes created
D, [2015-04-08T23:52:09.927369 #66258] DEBUG -- pubnub: Event#add_common_data_to_envelopes
D, [2015-04-08T23:52:09.928330 #66258] DEBUG -- pubnub: Response: [[],"14285291115868742"]
D, [2015-04-08T23:52:09.928449 #66258] DEBUG -- pubnub: Event#update_app_timetoken
D, [2015-04-08T23:52:09.928627 #66258] DEBUG -- pubnub: Pubnub::Client#update_timetoken | Current timetoken is eq 14285291115868742
D, [2015-04-08T23:52:09.928894 #66258] DEBUG -- pubnub: Updated timetoken to 14285291115868742
D, [2015-04-08T23:52:09.929008 #66258] DEBUG -- pubnub: Event#fire_callbacks async
D, [2015-04-08T23:52:09.929065 #66258] DEBUG -- pubnub: We can send next request now
D, [2015-04-08T23:52:09.943356 #66258] DEBUG -- pubnub: Async subscription running
D, [2015-04-08T23:52:09.943433 #66258] DEBUG -- pubnub: origin: pubsub.pubnub.com
D, [2015-04-08T23:52:09.943471 #66258] DEBUG -- pubnub: timetoken: 14285291115868742
D, [2015-04-08T23:52:09.943577 #66258] DEBUG -- pubnub: Event#start_event | sending request
D, [2015-04-08T23:52:09.944072 #66258] DEBUG -- pubnub: Event#start_event | tt: 14285291115868742; ctt 14285291115868742
D, [2015-04-08T23:52:09.952870 #66258] DEBUG -- pubnub: Pubnub::Subscribe#uri http://pubsub.pubnub.com/subscribe/demo/pubnub_chat/0/14285291115868742?pnsdk=PubNub-Ruby/3.7.1&uuid=e0e137d4-4500-4944-aa29-eddddf2f2dac
D, [2015-04-08T23:52:17.881021 #66258] DEBUG -- pubnub: Event#initialize | Initialized Pubnub::Publish
D, [2015-04-08T23:52:17.881242 #66258] DEBUG -- pubnub: Pubnub::Publish#uri http://pubsub.pubnub.com/publish/demo/demo/0/pubnub_chat/0/%7B%22author%22%3A%22Test%22%2C%22message%22%3A%22test%22%7D?pnsdk=PubNub-Ruby/3.7.1&uuid=e0e137d4-4500-4944-aa29-eddddf2f2dac
I, [2015-04-08T23:52:17.881475 #66258]  INFO -- pubnub: Bytesize: 185
D, [2015-04-08T23:52:17.881608 #66258] DEBUG -- pubnub: Pubnub::Publish#uri http://pubsub.pubnub.com/publish/demo/demo/0/pubnub_chat/0/%7B%22author%22%3A%22Test%22%2C%22message%22%3A%22test%22%7D?pnsdk=PubNub-Ruby/3.7.1&uuid=e0e137d4-4500-4944-aa29-eddddf2f2dac
I, [2015-04-08T23:52:17.881791 #66258]  INFO -- pubnub: Length:   185
D, [2015-04-08T23:52:17.881838 #66258] DEBUG -- pubnub: Created event Pubnub::Publish
D, [2015-04-08T23:52:17.881877 #66258] DEBUG -- pubnub: Pubnub::SingleEvent#fire
D, [2015-04-08T23:52:17.881914 #66258] DEBUG -- pubnub: Pubnub::SingleEvent#fire | Adding event to async_events
D, [2015-04-08T23:52:17.881949 #66258] DEBUG -- pubnub: Pubnub::SingleEvent#fire | Starting railgun
D, [2015-04-08T23:52:17.881986 #66258] DEBUG -- pubnub: Pubnub::Client#start_event_machine | starting EM in new thread
D, [2015-04-08T23:52:17.882021 #66258] DEBUG -- pubnub: Pubnub::Client#start_event_machine | We're running on thin
D, [2015-04-08T23:52:17.882057 #66258] DEBUG -- pubnub: Pubnub::Client#start_event_machine | EM already running
D, [2015-04-08T23:52:17.882093 #66258] DEBUG -- Pubnub: Pubnub::Client#start_railgun | Initializing railgun
D, [2015-04-08T23:52:17.894731 #66258] DEBUG -- pubnub: Pubnub::SingleEvent#fire
D, [2015-04-08T23:52:17.894927 #66258] DEBUG -- pubnub: Pubnub::SingleEvent#fire | Event already on list!
D, [2015-04-08T23:52:17.895000 #66258] DEBUG -- pubnub: Pubnub::Event#fire
D, [2015-04-08T23:52:17.895063 #66258] DEBUG -- pubnub: Event#fire
D, [2015-04-08T23:52:17.895257 #66258] DEBUG -- pubnub: Event#start_event | sending request
D, [2015-04-08T23:52:17.895340 #66258] DEBUG -- pubnub: Event#start_event | tt: 14285291115868742; ctt 14285291115868742
D, [2015-04-08T23:52:17.895660 #66258] DEBUG -- pubnub: Pubnub::Publish#uri http://pubsub.pubnub.com/publish/demo/demo/0/pubnub_chat/0/%7B%22author%22%3A%22Test%22%2C%22message%22%3A%22test%22%7D?pnsdk=PubNub-Ruby/3.7.1&uuid=e0e137d4-4500-4944-aa29-eddddf2f2dac
D, [2015-04-08T23:52:18.047564 #66258] DEBUG -- pubnub: Event#handle_response
D, [2015-04-08T23:52:18.047991 #66258] DEBUG -- pubnub: Event#add_common_data_to_envelopes
D, [2015-04-08T23:52:18.048108 #66258] DEBUG -- pubnub: Response: [1,"Sent","14285299380303634"]
D, [2015-04-08T23:52:18.048194 #66258] DEBUG -- pubnub: Firing callbacks
D, [2015-04-08T23:52:18.048663 #66258] DEBUG -- pubnub: Event#handle_response
D, [2015-04-08T23:52:18.048884 #66258] DEBUG -- pubnub: Subscribe#format_envelopes
D, [2015-04-08T23:52:18.048990 #66258] DEBUG -- pubnub: Subscribe#format_envelopes | Response parsed
D, [2015-04-08T23:52:18.049059 #66258] DEBUG -- pubnub: Subscribe#format_envelopes | Not timetoken update
D, [2015-04-08T23:52:18.049131 #66258] DEBUG -- pubnub: Subscribe#format_envelopes | Channel pubnub_chat created
D, [2015-04-08T23:52:18.049228 #66258] DEBUG -- pubnub: [[{"author"=>"Test", "message"=>"test"}], "14285299380303979"]
D, [2015-04-08T23:52:18.049359 #66258] DEBUG -- pubnub: Subscribe#format_envelopes | Envelopes created
D, [2015-04-08T23:52:18.049425 #66258] DEBUG -- pubnub: Subscribe#format_envelopes | envelopes created
D, [2015-04-08T23:52:18.049485 #66258] DEBUG -- pubnub: Event#add_common_data_to_envelopes
D, [2015-04-08T23:52:18.049550 #66258] DEBUG -- pubnub: Response: [[{"author":"Test","message":"test"}],"14285299380303979"]
D, [2015-04-08T23:52:18.049617 #66258] DEBUG -- pubnub: Event#update_app_timetoken
D, [2015-04-08T23:52:18.049703 #66258] DEBUG -- pubnub: Pubnub::Client#update_timetoken | Current timetoken is eq 14285299380303979
D, [2015-04-08T23:52:18.049769 #66258] DEBUG -- pubnub: Updated timetoken to 14285299380303979
D, [2015-04-08T23:52:18.049838 #66258] DEBUG -- pubnub: Event#fire_callbacks async
D, [2015-04-08T23:52:18.067309 #66258] DEBUG -- pubnub: We can send next request now
D, [2015-04-08T23:52:18.274886 #66258] DEBUG -- pubnub: Async subscription running
D, [2015-04-08T23:52:18.275131 #66258] DEBUG -- pubnub: origin: pubsub.pubnub.com
D, [2015-04-08T23:52:18.275221 #66258] DEBUG -- pubnub: timetoken: 14285299380303979
D, [2015-04-08T23:52:18.275376 #66258] DEBUG -- pubnub: Event#start_event | sending request
D, [2015-04-08T23:52:18.275519 #66258] DEBUG -- pubnub: Event#start_event | tt: 14285299380303979; ctt 14285299380303979
D, [2015-04-08T23:52:18.275685 #66258] DEBUG -- pubnub: Pubnub::Subscribe#uri http://pubsub.pubnub.com/subscribe/demo/pubnub_chat/0/14285299380303979?pnsdk=PubNub-Ruby/3.7.1&uuid=e0e137d4-4500-4944-aa29-eddddf2f2dac
D, [2015-04-08T23:52:54.941451 #66258] DEBUG -- pubnub: Event#initialize | Initialized Pubnub::Publish
D, [2015-04-08T23:52:54.941658 #66258] DEBUG -- pubnub: Pubnub::Publish#uri http://pubsub.pubnub.com/publish/demo/demo/0/pubnub_chat/0/%7B%22author%22%3A%22Test%22%2C%22message%22%3A%22test%22%7D?pnsdk=PubNub-Ruby/3.7.1&uuid=e0e137d4-4500-4944-aa29-eddddf2f2dac
I, [2015-04-08T23:52:54.941854 #66258]  INFO -- pubnub: Bytesize: 185
D, [2015-04-08T23:52:54.941993 #66258] DEBUG -- pubnub: Pubnub::Publish#uri http://pubsub.pubnub.com/publish/demo/demo/0/pubnub_chat/0/%7B%22author%22%3A%22Test%22%2C%22message%22%3A%22test%22%7D?pnsdk=PubNub-Ruby/3.7.1&uuid=e0e137d4-4500-4944-aa29-eddddf2f2dac
I, [2015-04-08T23:52:54.942171 #66258]  INFO -- pubnub: Length:   185
D, [2015-04-08T23:52:54.942216 #66258] DEBUG -- pubnub: Created event Pubnub::Publish
D, [2015-04-08T23:52:54.942251 #66258] DEBUG -- pubnub: Pubnub::SingleEvent#fire
D, [2015-04-08T23:52:54.942284 #66258] DEBUG -- pubnub: Pubnub::SingleEvent#fire | Adding event to async_events
D, [2015-04-08T23:52:54.942315 #66258] DEBUG -- pubnub: Pubnub::SingleEvent#fire | Starting railgun
D, [2015-04-08T23:52:54.942356 #66258] DEBUG -- pubnub: Pubnub::Client#start_event_machine | starting EM in new thread
D, [2015-04-08T23:52:54.942390 #66258] DEBUG -- pubnub: Pubnub::Client#start_event_machine | We're running on thin
D, [2015-04-08T23:52:54.942426 #66258] DEBUG -- pubnub: Pubnub::Client#start_event_machine | EM already running
D, [2015-04-08T23:52:54.942461 #66258] DEBUG -- pubnub: Pubnub::Client#start_railgun | Railgun already initialized
D, [2015-04-08T23:52:54.943984 #66258] DEBUG -- pubnub: Pubnub::SingleEvent#fire
D, [2015-04-08T23:52:54.944212 #66258] DEBUG -- pubnub: Pubnub::SingleEvent#fire | Event already on list!
D, [2015-04-08T23:52:54.944285 #66258] DEBUG -- pubnub: Pubnub::Event#fire
D, [2015-04-08T23:52:54.944322 #66258] DEBUG -- pubnub: Event#fire
D, [2015-04-08T23:52:54.944384 #66258] DEBUG -- pubnub: Event#start_event | sending request
D, [2015-04-08T23:52:54.944445 #66258] DEBUG -- pubnub: Event#start_event | tt: 14285299380303979; ctt 14285299380303979
D, [2015-04-08T23:52:54.944730 #66258] DEBUG -- pubnub: Pubnub::Publish#uri http://pubsub.pubnub.com/publish/demo/demo/0/pubnub_chat/0/%7B%22author%22%3A%22Test%22%2C%22message%22%3A%22test%22%7D?pnsdk=PubNub-Ruby/3.7.1&uuid=e0e137d4-4500-4944-aa29-eddddf2f2dac
D, [2015-04-08T23:52:55.414714 #66258] DEBUG -- pubnub: Event#handle_response
D, [2015-04-08T23:52:55.414989 #66258] DEBUG -- pubnub: Event#add_common_data_to_envelopes
D, [2015-04-08T23:52:55.415082 #66258] DEBUG -- pubnub: Response: [1,"Sent","14285299753962030"]
D, [2015-04-08T23:52:55.415227 #66258] DEBUG -- pubnub: Firing callbacks
D, [2015-04-08T23:52:55.424962 #66258] DEBUG -- pubnub: Event#handle_response
D, [2015-04-08T23:52:55.425076 #66258] DEBUG -- pubnub: Subscribe#format_envelopes
D, [2015-04-08T23:52:55.425156 #66258] DEBUG -- pubnub: Subscribe#format_envelopes | Response parsed
D, [2015-04-08T23:52:55.425212 #66258] DEBUG -- pubnub: Subscribe#format_envelopes | Not timetoken update
D, [2015-04-08T23:52:55.425268 #66258] DEBUG -- pubnub: Subscribe#format_envelopes | Channel pubnub_chat created
D, [2015-04-08T23:52:55.425341 #66258] DEBUG -- pubnub: [[{"author"=>"Test", "message"=>"test"}], "14285299754062771"]
D, [2015-04-08T23:52:55.425466 #66258] DEBUG -- pubnub: Subscribe#format_envelopes | Envelopes created
D, [2015-04-08T23:52:55.425525 #66258] DEBUG -- pubnub: Subscribe#format_envelopes | envelopes created
D, [2015-04-08T23:52:55.425583 #66258] DEBUG -- pubnub: Event#add_common_data_to_envelopes
D, [2015-04-08T23:52:55.425643 #66258] DEBUG -- pubnub: Response: [[{"author":"Test","message":"test"}],"14285299754062771"]
D, [2015-04-08T23:52:55.425769 #66258] DEBUG -- pubnub: Event#update_app_timetoken
D, [2015-04-08T23:52:55.425843 #66258] DEBUG -- pubnub: Pubnub::Client#update_timetoken | Current timetoken is eq 14285299754062771
D, [2015-04-08T23:52:55.425896 #66258] DEBUG -- pubnub: Updated timetoken to 14285299754062771
D, [2015-04-08T23:52:55.425949 #66258] DEBUG -- pubnub: Event#fire_callbacks async
D, [2015-04-08T23:52:55.435849 #66258] DEBUG -- pubnub: We can send next request now
D, [2015-04-08T23:52:55.677907 #66258] DEBUG -- pubnub: Async subscription running
D, [2015-04-08T23:52:55.678157 #66258] DEBUG -- pubnub: origin: pubsub.pubnub.com
D, [2015-04-08T23:52:55.678236 #66258] DEBUG -- pubnub: timetoken: 14285299754062771
D, [2015-04-08T23:52:55.678500 #66258] DEBUG -- pubnub: Event#start_event | sending request
D, [2015-04-08T23:52:55.678609 #66258] DEBUG -- pubnub: Event#start_event | tt: 14285299754062771; ctt 14285299754062771
D, [2015-04-08T23:52:55.678792 #66258] DEBUG -- pubnub: Pubnub::Subscribe#uri http://pubsub.pubnub.com/subscribe/demo/pubnub_chat/0/14285299754062771?pnsdk=PubNub-Ruby/3.7.1&uuid=e0e137d4-4500-4944-aa29-eddddf2f2dac
D, [2015-04-15T02:31:24.950523 #8819] DEBUG -- pubnub: Symbolizing options keys
D, [2015-04-15T02:31:24.950946 #8819] DEBUG -- pubnub: Setting default values
D, [2015-04-15T02:31:24.951007 #8819] DEBUG -- pubnub: 

Created new Pubnub::Client instance
D, [2015-04-15T02:31:44.782938 #8826] DEBUG -- pubnub: Symbolizing options keys
D, [2015-04-15T02:31:44.783096 #8826] DEBUG -- pubnub: Setting default values
D, [2015-04-15T02:31:44.783160 #8826] DEBUG -- pubnub: 

Created new Pubnub::Client instance
D, [2015-04-15T02:31:56.868495 #8832] DEBUG -- pubnub: Symbolizing options keys
D, [2015-04-15T02:31:56.868629 #8832] DEBUG -- pubnub: Setting default values
D, [2015-04-15T02:31:56.868676 #8832] DEBUG -- pubnub: 

Created new Pubnub::Client instance
D, [2015-04-15T02:33:21.872286 #8921] DEBUG -- pubnub: Symbolizing options keys
D, [2015-04-15T02:33:21.872762 #8921] DEBUG -- pubnub: Setting default values
D, [2015-04-15T02:33:21.872838 #8921] DEBUG -- pubnub: 

Created new Pubnub::Client instance
D, [2015-04-15T02:34:21.488026 #9002] DEBUG -- pubnub: Symbolizing options keys
D, [2015-04-15T02:34:21.488161 #9002] DEBUG -- pubnub: Setting default values
D, [2015-04-15T02:34:21.488236 #9002] DEBUG -- pubnub: 

Created new Pubnub::Client instance
D, [2015-04-15T02:36:26.083197 #9214] DEBUG -- pubnub: Symbolizing options keys
D, [2015-04-15T02:36:26.083591 #9214] DEBUG -- pubnub: Setting default values
D, [2015-04-15T02:36:26.083669 #9214] DEBUG -- pubnub: 

Created new Pubnub::Client instance
D, [2015-04-15T02:37:20.835857 #9346] DEBUG -- pubnub: Symbolizing options keys
D, [2015-04-15T02:37:20.836002 #9346] DEBUG -- pubnub: Setting default values
D, [2015-04-15T02:37:20.836048 #9346] DEBUG -- pubnub: 

Created new Pubnub::Client instance
D, [2015-04-15T02:43:22.032093 #9786] DEBUG -- pubnub: Symbolizing options keys
D, [2015-04-15T02:43:22.032241 #9786] DEBUG -- pubnub: Setting default values
D, [2015-04-15T02:43:22.032290 #9786] DEBUG -- pubnub: 

Created new Pubnub::Client instance
D, [2015-04-15T02:53:04.312662 #10543] DEBUG -- pubnub: Symbolizing options keys
D, [2015-04-15T02:53:04.313155 #10543] DEBUG -- pubnub: Setting default values
D, [2015-04-15T02:53:04.313252 #10543] DEBUG -- pubnub: 

Created new Pubnub::Client instance
D, [2015-04-15T03:33:48.533883 #11216] DEBUG -- pubnub: Symbolizing options keys
D, [2015-04-15T03:33:48.534063 #11216] DEBUG -- pubnub: Setting default values
D, [2015-04-15T03:33:48.534124 #11216] DEBUG -- pubnub: 

Created new Pubnub::Client instance
D, [2015-04-15T03:33:58.220962 #11221] DEBUG -- pubnub: Symbolizing options keys
D, [2015-04-15T03:33:58.221112 #11221] DEBUG -- pubnub: Setting default values
D, [2015-04-15T03:33:58.221161 #11221] DEBUG -- pubnub: 

Created new Pubnub::Client instance
D, [2015-04-24T15:20:05.588154 #9083] DEBUG -- pubnub: Symbolizing options keys
D, [2015-04-24T15:20:05.588461 #9083] DEBUG -- pubnub: Setting default values
D, [2015-04-24T15:20:05.588534 #9083] DEBUG -- pubnub: 

Created new Pubnub::Client instance
D, [2015-04-24T15:20:25.966783 #9119] DEBUG -- pubnub: Symbolizing options keys
D, [2015-04-24T15:20:25.966940 #9119] DEBUG -- pubnub: Setting default values
D, [2015-04-24T15:20:25.967006 #9119] DEBUG -- pubnub: 

Created new Pubnub::Client instance
D, [2015-04-24T15:20:32.641034 #9122] DEBUG -- pubnub: Symbolizing options keys
D, [2015-04-24T15:20:32.641181 #9122] DEBUG -- pubnub: Setting default values
D, [2015-04-24T15:20:32.641246 #9122] DEBUG -- pubnub: 

Created new Pubnub::Client instance
D, [2015-04-24T15:26:36.506243 #9634] DEBUG -- pubnub: Symbolizing options keys
D, [2015-04-24T15:26:36.506416 #9634] DEBUG -- pubnub: Setting default values
D, [2015-04-24T15:26:36.506481 #9634] DEBUG -- pubnub: 

Created new Pubnub::Client instance
D, [2015-04-24T15:26:47.189000 #9639] DEBUG -- pubnub: Symbolizing options keys
D, [2015-04-24T15:26:47.189151 #9639] DEBUG -- pubnub: Setting default values
D, [2015-04-24T15:26:47.189216 #9639] DEBUG -- pubnub: 

Created new Pubnub::Client instance
D, [2015-04-24T15:28:48.051390 #9746] DEBUG -- pubnub: Symbolizing options keys
D, [2015-04-24T15:28:48.051536 #9746] DEBUG -- pubnub: Setting default values
D, [2015-04-24T15:28:48.051601 #9746] DEBUG -- pubnub: 

Created new Pubnub::Client instance
D, [2015-04-24T15:29:04.443661 #9752] DEBUG -- pubnub: Symbolizing options keys
D, [2015-04-24T15:29:04.443809 #9752] DEBUG -- pubnub: Setting default values
D, [2015-04-24T15:29:04.443872 #9752] DEBUG -- pubnub: 

Created new Pubnub::Client instance
D, [2015-04-24T15:29:24.615891 #9760] DEBUG -- pubnub: Symbolizing options keys
D, [2015-04-24T15:29:24.616040 #9760] DEBUG -- pubnub: Setting default values
D, [2015-04-24T15:29:24.616105 #9760] DEBUG -- pubnub: 

Created new Pubnub::Client instance
D, [2015-04-24T15:29:34.144458 #9764] DEBUG -- pubnub: Symbolizing options keys
D, [2015-04-24T15:29:34.144613 #9764] DEBUG -- pubnub: Setting default values
D, [2015-04-24T15:29:34.144679 #9764] DEBUG -- pubnub: 

Created new Pubnub::Client instance
D, [2015-04-24T15:29:42.257540 #9769] DEBUG -- pubnub: Symbolizing options keys
D, [2015-04-24T15:29:42.257730 #9769] DEBUG -- pubnub: Setting default values
D, [2015-04-24T15:29:42.257787 #9769] DEBUG -- pubnub: 

Created new Pubnub::Client instance
D, [2015-04-24T15:30:05.107045 #9874] DEBUG -- pubnub: Symbolizing options keys
D, [2015-04-24T15:30:05.107193 #9874] DEBUG -- pubnub: Setting default values
D, [2015-04-24T15:30:05.107250 #9874] DEBUG -- pubnub: 

Created new Pubnub::Client instance
D, [2015-04-24T15:31:20.461405 #9901] DEBUG -- pubnub: Symbolizing options keys
D, [2015-04-24T15:31:20.461554 #9901] DEBUG -- pubnub: Setting default values
D, [2015-04-24T15:31:20.461644 #9901] DEBUG -- pubnub: 

Created new Pubnub::Client instance
D, [2015-04-25T00:51:35.063938 #17392] DEBUG -- pubnub: Symbolizing options keys
D, [2015-04-25T00:51:35.064116 #17392] DEBUG -- pubnub: Setting default values
D, [2015-04-25T00:51:35.064172 #17392] DEBUG -- pubnub: 

Created new Pubnub::Client instance
D, [2015-04-27T16:58:02.705415 #28073] DEBUG -- pubnub: Symbolizing options keys
D, [2015-04-27T16:58:02.724130 #28073] DEBUG -- pubnub: Setting default values
D, [2015-04-27T16:58:02.724274 #28073] DEBUG -- pubnub: 

Created new Pubnub::Client instance
D, [2015-04-27T16:58:21.721682 #28087] DEBUG -- pubnub: Symbolizing options keys
D, [2015-04-27T16:58:21.722013 #28087] DEBUG -- pubnub: Setting default values
D, [2015-04-27T16:58:21.722150 #28087] DEBUG -- pubnub: 

Created new Pubnub::Client instance
D, [2015-04-27T16:58:35.207944 #28101] DEBUG -- pubnub: Symbolizing options keys
D, [2015-04-27T16:58:35.208326 #28101] DEBUG -- pubnub: Setting default values
D, [2015-04-27T16:58:35.208498 #28101] DEBUG -- pubnub: 

Created new Pubnub::Client instance
D, [2015-04-27T17:20:05.358086 #2343] DEBUG -- pubnub: Symbolizing options keys
D, [2015-04-27T17:20:05.376885 #2343] DEBUG -- pubnub: Setting default values
D, [2015-04-27T17:20:05.377051 #2343] DEBUG -- pubnub: 

Created new Pubnub::Client instance
D, [2015-04-28T20:10:57.730525 #16540] DEBUG -- pubnub: Symbolizing options keys
D, [2015-04-28T20:10:57.741701 #16540] DEBUG -- pubnub: Setting default values
D, [2015-04-28T20:10:57.741868 #16540] DEBUG -- pubnub: 

Created new Pubnub::Client instance
D, [2015-05-01T20:35:10.069481 #12757] DEBUG -- pubnub: Symbolizing options keys
D, [2015-05-01T20:35:10.091401 #12757] DEBUG -- pubnub: Setting default values
D, [2015-05-01T20:35:10.091599 #12757] DEBUG -- pubnub: 

Created new Pubnub::Client instance
